Node8080:
2023/11/28 20:15:24 Server node listening on port 8080
2023/11/28 20:16:06 Bid recieved: 10 from ClientB
2023/11/28 20:16:11 Bid recieved: 10 from ClientA
2023/11/28 20:16:18 Bid recieved: 15 from ClientA
2023/11/28 20:16:27 Bid recieved: 30 from ClientB
2023/11/28 20:16:32 Bid recieved: 45 from ClientA
2023/11/28 20:16:38 Bid recieved: 50 from ClientB
2023/11/28 20:16:49 Bid recieved: 51 from ClientA
2023/11/28 20:16:55 Bid recieved: 55 from ClientB
2023/11/28 20:17:00 Bid recieved: 50 from ClientA
2023/11/28 20:17:06 Auction over


Node8081:
2023/11/28 20:15:34 Server node listening on port 8081
2023/11/28 20:16:06 Bid recieved: 10 from ClientB
2023/11/28 20:16:11 Bid recieved: 10 from ClientA
2023/11/28 20:16:18 Bid recieved: 15 from ClientA
2023/11/28 20:16:27 Bid recieved: 30 from ClientB
2023/11/28 20:16:32 Bid recieved: 45 from ClientA


Node8082:
2023/11/28 20:15:43 Server node listening on port 8082
2023/11/28 20:16:06 Bid recieved: 10 from ClientB
2023/11/28 20:16:11 Bid recieved: 10 from ClientA
2023/11/28 20:16:18 Bid recieved: 15 from ClientA
2023/11/28 20:16:27 Bid recieved: 30 from ClientB
2023/11/28 20:16:32 Bid recieved: 45 from ClientA
2023/11/28 20:16:38 Bid recieved: 50 from ClientB
2023/11/28 20:16:49 Bid recieved: 51 from ClientA
2023/11/28 20:16:55 Bid recieved: 55 from ClientB
2023/11/28 20:17:00 Bid recieved: 50 from ClientA
2023/11/28 20:17:06 Auction over


ClientA
2023/11/28 20:16:49 Failed to bid: rpc error: code = Unavailable desc = connection error: desc = "transport: Error while dialing: dial tcp [::1]:8081: connectex: No connection could be made because the target machine actively refused it."
2023/11/28 20:17:00 Failed to bid: rpc error: code = Unavailable desc = connection error: desc = "transport: Error while dialing: dial tcp [::1]:8081: connectex: No connection could be made because the target machine actively refused it."
2023/11/28 20:17:10 Failed to bid: rpc error: code = Unavailable desc = connection error: desc = "transport: Error while dialing: dial tcp [::1]:8081: connectex: No connection could be made because the target machine actively refused it."


ClientB
2023/11/28 20:16:38 Failed to bid: rpc error: code = Unavailable desc = connection error: desc = "transport: Error while dialing: dial tcp [::1]:8081: connectex: No connection could be made because the target machine actively refused it."
2023/11/28 20:16:55 Failed to bid: rpc error: code = Unavailable desc = connection error: desc = "transport: Error while dialing: dial tcp [::1]:8081: connectex: No connection could be made because the target machine actively refused it."
