2023/11/27 13:41:21 Server node listening on port 8080
2023/11/27 13:43:02 Server node listening on port 8080
2023/11/27 13:43:06 Bid recieved: 999999999999 from Lukas
2023/11/27 13:43:28 Bid recieved: 2147483647 from Niels
2023/11/27 13:44:08 Bid recieved: 9 from Niels
2023/11/27 13:44:26 Bid recieved: 9223372036854775807 from Niels
2023/11/27 13:44:47 Result request recieved from Lukas
2023/11/27 13:44:58 Bid recieved: 99999999999999999 from Lukas
2023/11/27 13:45:25 Bid recieved: 0 from Lukas
2023/11/27 13:45:29 Result request recieved from Niels
2023/11/27 13:45:29 Result request recieved from Lukas
2023/11/27 13:45:37 Bid recieved: 0 from Lukas
2023/11/27 13:45:38 Status is: over and start bool is false
2023/11/27 13:45:52 Bid recieved: 9223372036854775807 from Lukas
2023/11/27 13:46:02 Bid recieved: 9223372036854775807 from Niels
2023/11/27 13:46:20 Server node listening on port 8080
2023/11/27 13:46:22 Bid recieved: 0 from Niels
2023/11/27 13:46:26 Result request recieved from Lukas
2023/11/27 13:46:31 Result request recieved from Lukas
2023/11/27 13:46:33 Result request recieved from Lukas
2023/11/27 13:46:34 Result request recieved from Lukas
2023/11/27 13:46:40 Result request recieved from Niels
2023/11/27 13:46:42 Result request recieved from Niels
2023/11/27 13:46:46 Result request recieved from Lukas
2023/11/27 13:46:48 Bid recieved: 9223372036854775807 from Niels
2023/11/27 13:46:53 Status is: open and start bool is true
2023/11/27 13:46:54 Bid recieved: 9223372036854775807 from Lukas
2023/11/27 13:47:10 Bid recieved: 2 from Niels
2023/11/27 13:47:18 Bid recieved: 0 from Lukas
2023/11/27 13:47:25 Result request recieved from Lukas
2023/11/27 13:47:37 Result request recieved from Niels
2023/11/27 13:48:10 Status is: over and start bool is false
2023/11/27 13:48:11 Bid recieved: 0 from Niels
2023/11/27 13:48:18 Result request recieved from Niels
2023/11/27 13:48:21 Result request recieved from Lukas
2023/11/27 13:48:24 Result request recieved from Niels
2023/11/27 13:48:27 Result request recieved from Niels
2023/11/27 13:48:27 Result request recieved from Niels
2023/11/27 13:48:28 Result request recieved from Niels
2023/11/27 13:48:28 Result request recieved from Niels
2023/11/27 13:48:29 Result request recieved from Niels
2023/11/27 13:48:29 Result request recieved from Niels
2023/11/27 13:48:29 Result request recieved from Niels
2023/11/27 13:48:29 Result request recieved from Niels
2023/11/27 13:48:30 Result request recieved from Niels
2023/11/27 13:48:30 Result request recieved from Niels
2023/11/27 13:48:30 Result request recieved from Niels
2023/11/27 13:48:32 Result request recieved from Niels
2023/11/27 13:48:40 Result request recieved from Lukas
2023/11/27 13:50:20 Server node listening on port 8080
2023/11/27 13:50:29 Bid recieved: 9223372036854775807 from SusLukas
2023/11/27 13:50:35 Bid recieved: 0 from Lukas
2023/11/27 13:50:42 Bid recieved: 9223372036854775807 from Lukas
2023/11/27 13:51:03 Bid recieved: 0 from Lukas
2023/11/27 13:51:06 Bid recieved: 0 from SusLukas
2023/11/27 13:51:15 Bid recieved: 0 from Lukas
2023/11/27 13:51:29 Auction over
2023/11/27 13:51:30 Bid recieved: 9223372036854775807 from SusLukas
2023/11/27 13:52:20 Status is: open and start bool is true
2023/11/27 13:52:30 Auction over
2023/11/27 13:52:34 Result request recieved from Lukas
2023/11/27 13:52:35 Result request recieved from SusLukas
